[INFO  - 2017-01-11T01:18:23.361Z] GhostDriver - Main - running on port 7960
[INFO  - 2017-01-11T01:18:24.742Z] Session [d952e510-d79b-11e6-9bec-776f0e27669f] - page.settings - {"XSSAuditingEnabled":false,"javascriptCanCloseWindows":true,"javascriptCanOpenWindows":true,"javascriptEnabled":true,"loadImages":true,"localToRemoteUrlAccessEnabled":false,"userAgent":"Mozilla/5.0 (Windows NT 6.2; WOW64) AppleWebKit/538.1 (KHTML, like Gecko) PhantomJS/2.1.1 Safari/538.1","webSecurityEnabled":true}
[INFO  - 2017-01-11T01:18:24.743Z] Session [d952e510-d79b-11e6-9bec-776f0e27669f] - page.customHeaders:  - {}
[INFO  - 2017-01-11T01:18:24.743Z] Session [d952e510-d79b-11e6-9bec-776f0e27669f] - Session.negotiatedCapabilities - {"browserName":"phantomjs","version":"2.1.1","driverName":"ghostdriver","driverVersion":"1.2.0","platform":"windows-10-32bit","javascriptEnabled":true,"takesScreenshot":true,"handlesAlerts":false,"databaseEnabled":false,"locationContextEnabled":false,"applicationCacheEnabled":false,"browserConnectionEnabled":false,"cssSelectorsEnabled":true,"webStorageEnabled":false,"rotatable":false,"acceptSslCerts":false,"nativeEvents":true,"proxy":{"proxyType":"direct"}}
[INFO  - 2017-01-11T01:18:24.743Z] SessionManagerReqHand - _postNewSessionCommand - New Session Created: d952e510-d79b-11e6-9bec-776f0e27669f
[INFO  - 2017-01-11T01:18:26.169Z] ShutdownReqHand - _handle - About to shutdown
[INFO  - 2017-01-11T01:20:31.094Z] GhostDriver - Main - running on port 34944
[INFO  - 2017-01-11T01:20:31.470Z] Session [24dbbf70-d79c-11e6-8e0f-85bb4f3d28e6] - page.settings - {"XSSAuditingEnabled":false,"javascriptCanCloseWindows":true,"javascriptCanOpenWindows":true,"javascriptEnabled":true,"loadImages":true,"localToRemoteUrlAccessEnabled":false,"userAgent":"Mozilla/5.0 (Windows NT 6.2; WOW64) AppleWebKit/538.1 (KHTML, like Gecko) PhantomJS/2.1.1 Safari/538.1","webSecurityEnabled":true}
[INFO  - 2017-01-11T01:20:31.471Z] Session [24dbbf70-d79c-11e6-8e0f-85bb4f3d28e6] - page.customHeaders:  - {}
[INFO  - 2017-01-11T01:20:31.471Z] Session [24dbbf70-d79c-11e6-8e0f-85bb4f3d28e6] - Session.negotiatedCapabilities - {"browserName":"phantomjs","version":"2.1.1","driverName":"ghostdriver","driverVersion":"1.2.0","platform":"windows-10-32bit","javascriptEnabled":true,"takesScreenshot":true,"handlesAlerts":false,"databaseEnabled":false,"locationContextEnabled":false,"applicationCacheEnabled":false,"browserConnectionEnabled":false,"cssSelectorsEnabled":true,"webStorageEnabled":false,"rotatable":false,"acceptSslCerts":false,"nativeEvents":true,"proxy":{"proxyType":"direct"}}
[INFO  - 2017-01-11T01:20:31.471Z] SessionManagerReqHand - _postNewSessionCommand - New Session Created: 24dbbf70-d79c-11e6-8e0f-85bb4f3d28e6
[INFO  - 2017-01-11T01:21:38.464Z] ShutdownReqHand - _handle - About to shutdown
[INFO  - 2017-01-11T02:01:45.960Z] GhostDriver - Main - running on port 25291
[INFO  - 2017-01-11T02:01:46.873Z] Session [e84ff700-d7a1-11e6-b743-61f01db54faf] - page.settings - {"XSSAuditingEnabled":false,"javascriptCanCloseWindows":true,"javascriptCanOpenWindows":true,"javascriptEnabled":true,"loadImages":true,"localToRemoteUrlAccessEnabled":false,"userAgent":"Mozilla/5.0 (Windows NT 6.2; WOW64) AppleWebKit/538.1 (KHTML, like Gecko) PhantomJS/2.1.1 Safari/538.1","webSecurityEnabled":true}
[INFO  - 2017-01-11T02:01:46.873Z] Session [e84ff700-d7a1-11e6-b743-61f01db54faf] - page.customHeaders:  - {}
[INFO  - 2017-01-11T02:01:46.873Z] Session [e84ff700-d7a1-11e6-b743-61f01db54faf] - Session.negotiatedCapabilities - {"browserName":"phantomjs","version":"2.1.1","driverName":"ghostdriver","driverVersion":"1.2.0","platform":"windows-10-32bit","javascriptEnabled":true,"takesScreenshot":true,"handlesAlerts":false,"databaseEnabled":false,"locationContextEnabled":false,"applicationCacheEnabled":false,"browserConnectionEnabled":false,"cssSelectorsEnabled":true,"webStorageEnabled":false,"rotatable":false,"acceptSslCerts":false,"nativeEvents":true,"proxy":{"proxyType":"direct"}}
[INFO  - 2017-01-11T02:01:46.873Z] SessionManagerReqHand - _postNewSessionCommand - New Session Created: e84ff700-d7a1-11e6-b743-61f01db54faf
[INFO  - 2017-01-11T02:03:06.228Z] ShutdownReqHand - _handle - About to shutdown
[INFO  - 2017-01-11T02:08:37.348Z] GhostDriver - Main - running on port 3365
[INFO  - 2017-01-11T02:08:37.812Z] Session [dd406ec0-d7a2-11e6-9124-1949fe6d1459] - page.settings - {"XSSAuditingEnabled":false,"javascriptCanCloseWindows":true,"javascriptCanOpenWindows":true,"javascriptEnabled":true,"loadImages":true,"localToRemoteUrlAccessEnabled":false,"userAgent":"Mozilla/5.0 (Windows NT 6.2; WOW64) AppleWebKit/538.1 (KHTML, like Gecko) PhantomJS/2.1.1 Safari/538.1","webSecurityEnabled":true}
[INFO  - 2017-01-11T02:08:37.812Z] Session [dd406ec0-d7a2-11e6-9124-1949fe6d1459] - page.customHeaders:  - {}
[INFO  - 2017-01-11T02:08:37.812Z] Session [dd406ec0-d7a2-11e6-9124-1949fe6d1459] - Session.negotiatedCapabilities - {"browserName":"phantomjs","version":"2.1.1","driverName":"ghostdriver","driverVersion":"1.2.0","platform":"windows-10-32bit","javascriptEnabled":true,"takesScreenshot":true,"handlesAlerts":false,"databaseEnabled":false,"locationContextEnabled":false,"applicationCacheEnabled":false,"browserConnectionEnabled":false,"cssSelectorsEnabled":true,"webStorageEnabled":false,"rotatable":false,"acceptSslCerts":false,"nativeEvents":true,"proxy":{"proxyType":"direct"}}
[INFO  - 2017-01-11T02:08:37.812Z] SessionManagerReqHand - _postNewSessionCommand - New Session Created: dd406ec0-d7a2-11e6-9124-1949fe6d1459
[INFO  - 2017-01-11T02:08:42.480Z] ShutdownReqHand - _handle - About to shutdown
[INFO  - 2017-01-11T02:09:04.067Z] GhostDriver - Main - running on port 45705
[INFO  - 2017-01-11T02:09:04.500Z] Session [ed2927f0-d7a2-11e6-9a7c-7b2f532122e1] - page.settings - {"XSSAuditingEnabled":false,"javascriptCanCloseWindows":true,"javascriptCanOpenWindows":true,"javascriptEnabled":true,"loadImages":true,"localToRemoteUrlAccessEnabled":false,"userAgent":"Mozilla/5.0 (Windows NT 6.2; WOW64) AppleWebKit/538.1 (KHTML, like Gecko) PhantomJS/2.1.1 Safari/538.1","webSecurityEnabled":true}
[INFO  - 2017-01-11T02:09:04.500Z] Session [ed2927f0-d7a2-11e6-9a7c-7b2f532122e1] - page.customHeaders:  - {}
[INFO  - 2017-01-11T02:09:04.500Z] Session [ed2927f0-d7a2-11e6-9a7c-7b2f532122e1] - Session.negotiatedCapabilities - {"browserName":"phantomjs","version":"2.1.1","driverName":"ghostdriver","driverVersion":"1.2.0","platform":"windows-10-32bit","javascriptEnabled":true,"takesScreenshot":true,"handlesAlerts":false,"databaseEnabled":false,"locationContextEnabled":false,"applicationCacheEnabled":false,"browserConnectionEnabled":false,"cssSelectorsEnabled":true,"webStorageEnabled":false,"rotatable":false,"acceptSslCerts":false,"nativeEvents":true,"proxy":{"proxyType":"direct"}}
[INFO  - 2017-01-11T02:09:04.501Z] SessionManagerReqHand - _postNewSessionCommand - New Session Created: ed2927f0-d7a2-11e6-9a7c-7b2f532122e1
[INFO  - 2017-01-11T02:09:17.014Z] ShutdownReqHand - _handle - About to shutdown
